[0m[[0m[0mdebug[0m] [0m[0m> Exec(;Test/compile; collectAnalyses, None, Some(CommandSource(network-1)))[0m
[0m[[0m[0mdebug[0m] [0m[0munmatched Processing event for requestId None: None[0m
[0m[[0m[0mdebug[0m] [0m[0munmatched Done event for requestId None: None[0m
[0m[[0m[0mdebug[0m] [0m[0m> Exec(Test/compile, None, Some(CommandSource(network-1)))[0m
[0m[[0m[0mdebug[0m] [0m[0munmatched Processing event for requestId None: None[0m
[0m[[0m[0mdebug[0m] [0m[0mEvaluating tasks: Test / compile[0m
[0m[[0m[0mdebug[0m] [0m[0mRunning task... Cancel: Signal, check cycles: false, forcegc: true[0m
[0m[[0m[0mdebug[0m] [0m[0mjsonRpcNotify: JsonRpcNotificationMessage(2.0, build/taskStart, {"taskId":{"id":"91","parents":[]},"eventTime":1658413157408,"message":"Compiling color-blind-scala","dataKind":"compile-task","data":{"target":{"uri":"file:/C:/Users/msi/Documents/GitHub/Color-Blind-Scala/#color-blind-scala/Compile"}}})[0m
[0m[[0m[0mdebug[0m] [0m[0mjsonRpcNotify: JsonRpcNotificationMessage(2.0, build/publishDiagnostics, {"textDocument":{"uri":"file:///C:/Users/msi/Documents/GitHub/Color-Blind-Scala/src/main/scala/ch/makery/colorblind/view/MainMenuController.scala"},"buildTarget":{"uri":"file:/C:/Users/msi/Documents/GitHub/Color-Blind-Scala/#color-blind-scala/Compile"},"diagnostics":[],"reset":true})[0m
[0m[[0m[0mdebug[0m] [0m[0mjsonRpcNotify: JsonRpcNotificationMessage(2.0, build/publishDiagnostics, {"textDocument":{"uri":"file:///C:/Users/msi/Documents/GitHub/Color-Blind-Scala/src/main/scala/ch/makery/colorblind/view/GameController.scala"},"buildTarget":{"uri":"file:/C:/Users/msi/Documents/GitHub/Color-Blind-Scala/#color-blind-scala/Compile"},"diagnostics":[],"reset":true})[0m
[0m[[0m[0mdebug[0m] [0m[0mjsonRpcNotify: JsonRpcNotificationMessage(2.0, build/publishDiagnostics, {"textDocument":{"uri":"file:///C:/Users/msi/Documents/GitHub/Color-Blind-Scala/src/main/scala/ch/makery/colorblind/MainApp.scala"},"buildTarget":{"uri":"file:/C:/Users/msi/Documents/GitHub/Color-Blind-Scala/#color-blind-scala/Compile"},"diagnostics":[],"reset":true})[0m
[0m[[0m[0mdebug[0m] [0m[0mjsonRpcNotify: JsonRpcNotificationMessage(2.0, build/taskFinish, {"taskId":{"id":"91","parents":[]},"eventTime":1658413157418,"message":"Compiled color-blind-scala","status":1,"dataKind":"compile-report","data":{"target":{"uri":"file:/C:/Users/msi/Documents/GitHub/Color-Blind-Scala/#color-blind-scala/Compile"},"errors":0,"warnings":0,"time":10}})[0m
[0m[[0m[0mdebug[0m] [0m[0mjsonRpcNotify: JsonRpcNotificationMessage(2.0, build/taskStart, {"taskId":{"id":"92","parents":[]},"eventTime":1658413157424,"message":"Compiling color-blind-scala-test","dataKind":"compile-task","data":{"target":{"uri":"file:/C:/Users/msi/Documents/GitHub/Color-Blind-Scala/#color-blind-scala/Test"}}})[0m
[0m[[0m[0mdebug[0m] [0m[0mjsonRpcNotify: JsonRpcNotificationMessage(2.0, build/taskFinish, {"taskId":{"id":"92","parents":[]},"eventTime":1658413157431,"message":"Compiled color-blind-scala-test","status":1,"dataKind":"compile-report","data":{"target":{"uri":"file:/C:/Users/msi/Documents/GitHub/Color-Blind-Scala/#color-blind-scala/Test"},"errors":0,"warnings":0,"time":7}})[0m
[0m[[0m[32msuccess[0m] [0m[0mTotal time: 0 s, completed Jul 21, 2022 10:19:17 PM[0m
[0m[[0m[0mdebug[0m] [0m[0munmatched Done event for requestId None: None[0m
[0m[[0m[0mdebug[0m] [0m[0m> Exec(collectAnalyses, None, Some(CommandSource(network-1)))[0m
[0m[[0m[0mdebug[0m] [0m[0munmatched Processing event for requestId None: None[0m
[0m[[0m[0mdebug[0m] [0m[0mEvaluating tasks: Compile / collectAnalyses[0m
[0m[[0m[0mdebug[0m] [0m[0mRunning task... Cancel: Signal, check cycles: false, forcegc: true[0m
[0m[[0m[0mdebug[0m] [0m[0manalysis location (C:\Users\msi\Documents\GitHub\Color-Blind-Scala\target\scala-2.12\zinc\inc_compile_2.12.zip,true)[0m
[0m[[0m[32msuccess[0m] [0m[0mTotal time: 0 s, completed Jul 21, 2022 10:19:17 PM[0m
[0m[[0m[0mdebug[0m] [0m[0munmatched Done event for requestId None: None[0m
[0m[[0m[0mdebug[0m] [0m[0m> Exec(shell, None, None)[0m
